2024-11-30 19:53:43: Starting Google login process
2024-11-30 19:53:43: Received input: Array
(
    [token] => eyJhbGciOiJSUzI1NiIsImtpZCI6IjM2MjgyNTg2MDExMTNlNjU3NmE0NTMzNzM2NWZlOGI4OTczZDE2NzEiLCJ0eXAiOiJKV1QifQ.eyJpc3MiOiJodHRwczovL2FjY291bnRzLmdvb2dsZS5jb20iLCJhenAiOiI5NDkxNjg2NDQ2MTItODRxbDQ1bHYyZHRsanNxNjR1N2xsNHVoOW1ncTVwOGkuYXBwcy5nb29nbGV1c2VyY29udGVudC5jb20iLCJhdWQiOiI5NDkxNjg2NDQ2MTItODRxbDQ1bHYyZHRsanNxNjR1N2xsNHVoOW1ncTVwOGkuYXBwcy5nb29nbGV1c2VyY29udGVudC5jb20iLCJzdWIiOiIxMDIzMDU4NjAxMTEyNDU0MjIyODgiLCJlbWFpbCI6ImRhbmdkdWNtdHBAZ21haWwuY29tIiwiZW1haWxfdmVyaWZpZWQiOnRydWUsIm5iZiI6MTczMjk5NjEyNywibmFtZSI6Ik3DrG5oIMSQ4bupYyIsInBpY3R1cmUiOiJodHRwczovL2xoMy5nb29nbGV1c2VyY29udGVudC5jb20vYS9BQ2c4b2NLYzBkU1RVbDFQUDdfcGk5RWhoWXNPZUJ0cXIwUXR4U0ZmSTVNR2hxQTdVREdHUHp2bT1zOTYtYyIsImdpdmVuX25hbWUiOiJNw6xuaCDEkOG7qWMiLCJpYXQiOjE3MzI5OTY0MjcsImV4cCI6MTczMzAwMDAyNywianRpIjoiMDc1MjZjMmIxOTQ4NTE1MjFmYjg0OWNhOTdmOWM3MDE1OWYzMWVmYyJ9.G8cNhnnSAS-AOy2_UXUyNJKVRPqycd6wUCTIbLRIzrDBS1j2fV5jiwxBk7Ragwhz5mHmEdn8CWb2pA2O_z8CepkMoJjwKnPR1oKdWtw_lTKybrwaPhMkR8qQVmQUQjKwzEtOSLb2u6OqGGPq2A-xgtmUPAI1Yf7231YYmAqsuvSD9otCe4hq6ornbiQJOzFFJTyAQtL6uJZLjlpVKDeVQkxZeU4a_y2Ss8lQZKge1v8CoIu-1yxWjDdg6Mukf_9oECYkH1dVb2ZxbJqmIfzwykZIPgtgl1eg7EcKzmApPfB8zXTK-zyjYm4u3-PwOjHSm0pQJm3vovwBnlaUtKitAw
)

2024-11-30 19:53:43: Decoded payload: Array
(
    [iss] => https://accounts.google.com
    [azp] => 949168644612-84ql45lv2dtljsq64u7ll4uh9mgq5p8i.apps.googleusercontent.com
    [aud] => 949168644612-84ql45lv2dtljsq64u7ll4uh9mgq5p8i.apps.googleusercontent.com
    [sub] => 102305860111245422288
    [email] => dangducmtp@gmail.com
    [email_verified] => 1
    [nbf] => 1732996127
    [name] => Mình Đức
    [picture] => https://lh3.googleusercontent.com/a/ACg8ocKc0dSTUl1PP7_pi9EhhYsOeBtqr0QtxSFfI5MGhqA7UDGGPzvm=s96-c
    [given_name] => Mình Đức
    [iat] => 1732996427
    [exp] => 1733000027
    [jti] => 07526c2b194851521fb849ca97f9c70159f31efc
)

2024-11-30 19:53:43: User info - Email: dangducmtp@gmail.com, Name: Mình Đức, Google ID: 102305860111245422288
2024-11-30 19:53:43: Database query result: 
2024-11-30 19:53:43: Creating new user account
2024-11-30 19:53:43: New user created: Array
(
    [id] => 6
    [name] => Mình Đức
    [email] => dangducmtp@gmail.com
)

2024-11-30 19:53:43: Cart loaded successfully
2024-11-30 19:53:43: Sending success response: Array
(
    [success] => 1
    [message] => Đăng nhập thành công
    [user] => Array
        (
            [name] => Mình Đức
            [email] => dangducmtp@gmail.com
        )

)

2024-11-30 19:54:59: Starting Google login process
2024-11-30 19:54:59: Received input: Array
(
    [token] => eyJhbGciOiJSUzI1NiIsImtpZCI6IjM2MjgyNTg2MDExMTNlNjU3NmE0NTMzNzM2NWZlOGI4OTczZDE2NzEiLCJ0eXAiOiJKV1QifQ.eyJpc3MiOiJodHRwczovL2FjY291bnRzLmdvb2dsZS5jb20iLCJhenAiOiI5NDkxNjg2NDQ2MTItODRxbDQ1bHYyZHRsanNxNjR1N2xsNHVoOW1ncTVwOGkuYXBwcy5nb29nbGV1c2VyY29udGVudC5jb20iLCJhdWQiOiI5NDkxNjg2NDQ2MTItODRxbDQ1bHYyZHRsanNxNjR1N2xsNHVoOW1ncTVwOGkuYXBwcy5nb29nbGV1c2VyY29udGVudC5jb20iLCJzdWIiOiIxMDU0Mjc5NzkxMDMxMzgyMjk5OTciLCJlbWFpbCI6ImRhbmdkdWNtdHAzQGdtYWlsLmNvbSIsImVtYWlsX3ZlcmlmaWVkIjp0cnVlLCJuYmYiOjE3MzI5OTYyMDMsIm5hbWUiOiLEkOG7qWMgxJDhurduZyIsInBpY3R1cmUiOiJodHRwczovL2xoMy5nb29nbGV1c2VyY29udGVudC5jb20vYS9BQ2c4b2NLbkF4TVNfTE5pU3pjbUZhSmUxck4waTVuSmtlWlh5dVRTem9HTHZSR1doSXZkSHc9czk2LWMiLCJnaXZlbl9uYW1lIjoixJDhu6ljIiwiZmFtaWx5X25hbWUiOiLEkOG6t25nIiwiaWF0IjoxNzMyOTk2NTAzLCJleHAiOjE3MzMwMDAxMDMsImp0aSI6ImUxMmRmNmQzMDgyY2ZiNzNlYzYwMjM3NjZiODQzN2NmMmE3NDE0M2YifQ.pT59c0rhee5KyePX6-ZNvGHc5HLDnLDLwkgk6sU6mek6OzkL9NQGTm6MrPtfIq9WyaFA3lPl1-ABZuqCjxojQJlIy6WE8pEkYfTI4r6_emn0oF4XSz8yTNANSprhN1fBDsXyfwBegdFqr9UfbdTs0SDM1LSXc9z3d7RccM7CYtDV34NOc7fzHP3guOCewvvbdn1vsvvTAPBoWiS2R1VMkSB-0k_40V-6q-BGzQ3W5xTtmi0utQOOqPeRSGJ9IbUYvR9ANxXen5PNM2KROx7uL051FHj_jYWtqOSyZKLC0cQyvpikZlzwccQOm-qoJvH2QmN3kX_e91iu6o7qwpdBHg
)

2024-11-30 19:54:59: Decoded payload: Array
(
    [iss] => https://accounts.google.com
    [azp] => 949168644612-84ql45lv2dtljsq64u7ll4uh9mgq5p8i.apps.googleusercontent.com
    [aud] => 949168644612-84ql45lv2dtljsq64u7ll4uh9mgq5p8i.apps.googleusercontent.com
    [sub] => 105427979103138229997
    [email] => dangducmtp3@gmail.com
    [email_verified] => 1
    [nbf] => 1732996203
    [name] => Đức Đặng
    [picture] => https://lh3.googleusercontent.com/a/ACg8ocKnAxMS_LNiSzcmFaJe1rN0i5nJkeZXyuTSzoGLvRGWhIvdHw=s96-c
    [given_name] => Đức
    [family_name] => Đặng
    [iat] => 1732996503
    [exp] => 1733000103
    [jti] => e12df6d3082cfb73ec6023766b8437cf2a74143f
)

2024-11-30 19:54:59: User info - Email: dangducmtp3@gmail.com, Name: Đức Đặng, Google ID: 105427979103138229997
2024-11-30 19:54:59: Database query result: 
2024-11-30 19:54:59: Creating new user account
2024-11-30 19:54:59: New user created: Array
(
    [id] => 7
    [name] => Đức Đặng
    [email] => dangducmtp3@gmail.com
)

2024-11-30 19:54:59: Cart loaded successfully
2024-11-30 19:54:59: Sending success response: Array
(
    [success] => 1
    [message] => Đăng nhập thành công
    [user] => Array
        (
            [name] => Đức Đặng
            [email] => dangducmtp3@gmail.com
        )

)

2024-11-30 19:56:47: Starting Google login process
2024-11-30 19:56:47: Received input: Array
(
    [token] => eyJhbGciOiJSUzI1NiIsImtpZCI6IjM2MjgyNTg2MDExMTNlNjU3NmE0NTMzNzM2NWZlOGI4OTczZDE2NzEiLCJ0eXAiOiJKV1QifQ.eyJpc3MiOiJodHRwczovL2FjY291bnRzLmdvb2dsZS5jb20iLCJhenAiOiI5NDkxNjg2NDQ2MTItODRxbDQ1bHYyZHRsanNxNjR1N2xsNHVoOW1ncTVwOGkuYXBwcy5nb29nbGV1c2VyY29udGVudC5jb20iLCJhdWQiOiI5NDkxNjg2NDQ2MTItODRxbDQ1bHYyZHRsanNxNjR1N2xsNHVoOW1ncTVwOGkuYXBwcy5nb29nbGV1c2VyY29udGVudC5jb20iLCJzdWIiOiIxMDIzMDU4NjAxMTEyNDU0MjIyODgiLCJlbWFpbCI6ImRhbmdkdWNtdHBAZ21haWwuY29tIiwiZW1haWxfdmVyaWZpZWQiOnRydWUsIm5iZiI6MTczMjk5NjMxMCwibmFtZSI6Ik3DrG5oIMSQ4bupYyIsInBpY3R1cmUiOiJodHRwczovL2xoMy5nb29nbGV1c2VyY29udGVudC5jb20vYS9BQ2c4b2NLYzBkU1RVbDFQUDdfcGk5RWhoWXNPZUJ0cXIwUXR4U0ZmSTVNR2hxQTdVREdHUHp2bT1zOTYtYyIsImdpdmVuX25hbWUiOiJNw6xuaCDEkOG7qWMiLCJpYXQiOjE3MzI5OTY2MTAsImV4cCI6MTczMzAwMDIxMCwianRpIjoiZWVkZjVhOWI2YjUwOGQ0YTUyODljZjUwZTE4YTgzZGQ5MmQ4NzMxNSJ9.Xm8_s3fL2FhCTmB06nEVb2BK1Z21EpXAXTp1LlHPyhkBDKT0l65ujahpl3diRBWPxQx9DGXjM54G6feJxb7pCp7N_6d_81e5Qtokt0Y8KToYiGy6rPMMCP78tmsmobMNm5rTZrDacXyETZVy4PcjWWea7wVyc80lh976wqqSbZFfzJXYRDClNX45TXhK7HdFLVEZ5aBZUQoUfoc1DynKFicomdNurU9uRekjEtYtfyvhkwTmzQ-Hjjm9iyrQMIM8s7dJFfhQS46RGsxHlCthg68LyVsCucewpJtMIiQubZFhftePl11eMb0D72iRts3n-yc1FiUlJ40GlvbztMfGAQ
)

2024-11-30 19:56:47: Decoded payload: Array
(
    [iss] => https://accounts.google.com
    [azp] => 949168644612-84ql45lv2dtljsq64u7ll4uh9mgq5p8i.apps.googleusercontent.com
    [aud] => 949168644612-84ql45lv2dtljsq64u7ll4uh9mgq5p8i.apps.googleusercontent.com
    [sub] => 102305860111245422288
    [email] => dangducmtp@gmail.com
    [email_verified] => 1
    [nbf] => 1732996310
    [name] => Mình Đức
    [picture] => https://lh3.googleusercontent.com/a/ACg8ocKc0dSTUl1PP7_pi9EhhYsOeBtqr0QtxSFfI5MGhqA7UDGGPzvm=s96-c
    [given_name] => Mình Đức
    [iat] => 1732996610
    [exp] => 1733000210
    [jti] => eedf5a9b6b508d4a5289cf50e18a83dd92d87315
)

2024-11-30 19:56:47: User info - Email: dangducmtp@gmail.com, Name: Mình Đức, Google ID: 102305860111245422288
2024-11-30 19:56:47: Database query result: Array
(
    [idtk] => 5
    [tendangnhap] => dangducmtp@gmail.com
    [matkhau] => 
    [idkh] => 6
    [oauth_provider] => google
    [oauth_id] => 102305860111245422288
    [email] => dangducmtp@gmail.com
    [hovaten] => Mình Đức
)

2024-11-30 19:56:47: Existing user logged in: Array
(
    [id] => 6
    [name] => Mình Đức
    [email] => dangducmtp@gmail.com
)

2024-11-30 19:56:47: Cart loaded successfully
2024-11-30 19:56:47: Sending success response: Array
(
    [success] => 1
    [message] => Đăng nhập thành công
    [user] => Array
        (
            [name] => Mình Đức
            [email] => dangducmtp@gmail.com
        )

)

2024-11-30 20:13:51: Starting Google login process
2024-11-30 20:13:51: Received input: Array
(
    [token] => eyJhbGciOiJSUzI1NiIsImtpZCI6IjM2MjgyNTg2MDExMTNlNjU3NmE0NTMzNzM2NWZlOGI4OTczZDE2NzEiLCJ0eXAiOiJKV1QifQ.eyJpc3MiOiJodHRwczovL2FjY291bnRzLmdvb2dsZS5jb20iLCJhenAiOiI5NDkxNjg2NDQ2MTItODRxbDQ1bHYyZHRsanNxNjR1N2xsNHVoOW1ncTVwOGkuYXBwcy5nb29nbGV1c2VyY29udGVudC5jb20iLCJhdWQiOiI5NDkxNjg2NDQ2MTItODRxbDQ1bHYyZHRsanNxNjR1N2xsNHVoOW1ncTVwOGkuYXBwcy5nb29nbGV1c2VyY29udGVudC5jb20iLCJzdWIiOiIxMDIzMDU4NjAxMTEyNDU0MjIyODgiLCJlbWFpbCI6ImRhbmdkdWNtdHBAZ21haWwuY29tIiwiZW1haWxfdmVyaWZpZWQiOnRydWUsIm5iZiI6MTczMjk5NzMzNSwibmFtZSI6Ik3DrG5oIMSQ4bupYyIsInBpY3R1cmUiOiJodHRwczovL2xoMy5nb29nbGV1c2VyY29udGVudC5jb20vYS9BQ2c4b2NLYzBkU1RVbDFQUDdfcGk5RWhoWXNPZUJ0cXIwUXR4U0ZmSTVNR2hxQTdVREdHUHp2bT1zOTYtYyIsImdpdmVuX25hbWUiOiJNw6xuaCDEkOG7qWMiLCJpYXQiOjE3MzI5OTc2MzUsImV4cCI6MTczMzAwMTIzNSwianRpIjoiMWUzYzhlN2M2ODIxN2Y2MWRlMDk3YzM0NTQwODIzNjJiMWI3YmZkZCJ9.Nsqs9EFV2aZsmGIrTRmj_MLSNhcPj3GF9nFBDti6nqANRSE_gqefFw2jcun2MK_eqFbirVLPpzZDphXfxaMR-UPqxzawnhlGfEp8Og4F9o1pDb_XZUnlVdb0cBsOHwUwF6V940qZegJbXCBXwlIcYIetik_Of07N7oG7YVwjaz0h_Z7Yw_okN8DLUR23il-A-flE_mvj-u1by6caN6xCMjNlU61zXzO1cDE8HzIrkT5f0w6Rm4LMku4j0clt04Xa7kP-em3V2A6N_6gqi9EuOWX8mjF3gBau2L51xLmDBlKUbg5TPtf3ZY6SSjEzfWpTtQ1cmhemCheIQcM3N64ZBw
)

2024-11-30 20:13:51: Decoded payload: Array
(
    [iss] => https://accounts.google.com
    [azp] => 949168644612-84ql45lv2dtljsq64u7ll4uh9mgq5p8i.apps.googleusercontent.com
    [aud] => 949168644612-84ql45lv2dtljsq64u7ll4uh9mgq5p8i.apps.googleusercontent.com
    [sub] => 102305860111245422288
    [email] => dangducmtp@gmail.com
    [email_verified] => 1
    [nbf] => 1732997335
    [name] => Mình Đức
    [picture] => https://lh3.googleusercontent.com/a/ACg8ocKc0dSTUl1PP7_pi9EhhYsOeBtqr0QtxSFfI5MGhqA7UDGGPzvm=s96-c
    [given_name] => Mình Đức
    [iat] => 1732997635
    [exp] => 1733001235
    [jti] => 1e3c8e7c68217f61de097c3454082362b1b7bfdd
)

2024-11-30 20:13:51: User info - Email: dangducmtp@gmail.com, Name: Mình Đức, Google ID: 102305860111245422288
2024-11-30 20:13:51: Database query result: Array
(
    [idtk] => 5
    [tendangnhap] => dangducmtp@gmail.com
    [matkhau] => 
    [idkh] => 6
    [oauth_provider] => google
    [oauth_id] => 102305860111245422288
    [email] => dangducmtp@gmail.com
    [hovaten] => Mình Đức
)

2024-11-30 20:13:51: Existing user logged in: Array
(
    [id] => 6
    [name] => Mình Đức
    [email] => dangducmtp@gmail.com
)

2024-11-30 20:13:51: Cart loaded successfully
2024-11-30 20:13:51: Sending success response: Array
(
    [success] => 1
    [message] => Đăng nhập thành công
    [user] => Array
        (
            [name] => Mình Đức
            [email] => dangducmtp@gmail.com
        )

)

